<?xml version="1.0" encoding="UTF-8"?>
<robot generator="Robot 6.0.2 (Python 3.11.1 on win32)" generated="20250421 12:15:42.833" rpa="false" schemaversion="3">
<suite id="s1" name="Ui Tests" source="C:\Users\ROBOT-FRAMEWORK-DEMO\Python-Robot-Framework-Demo\tests\ui_tests.robot">
<test id="s1-t1" name="Verify Login functionality with BDD format" line="14">
<kw name="Given user launch browser" library="LoginPage">
<kw name="Open Application" library="ui_keywords">
<arg>${MyEuroClear}</arg>
<arg>${BROWSER}</arg>
<kw name="Open Browser" library="SeleniumLibrary">
<arg>${url}</arg>
<arg>${browser}</arg>
<doc>Opens a new browser instance to the optional ``url``.</doc>
<msg timestamp="20250421 12:15:44.019" level="INFO">Opening browser 'edge' to base url 'https://my.euroclear.com/users/en/login.html'.</msg>
<status status="PASS" starttime="20250421 12:15:44.016" endtime="20250421 12:15:47.884"/>
</kw>
<kw name="Maximize Browser Window" library="SeleniumLibrary">
<doc>Maximizes current browser window.</doc>
<status status="PASS" starttime="20250421 12:15:47.885" endtime="20250421 12:15:47.951"/>
</kw>
<status status="PASS" starttime="20250421 12:15:44.014" endtime="20250421 12:15:47.952"/>
</kw>
<status status="PASS" starttime="20250421 12:15:44.013" endtime="20250421 12:15:47.952"/>
</kw>
<kw name="When user provide username and password" library="LoginPage">
<kw name="Enter Text" library="ui_keywords">
<arg>${USERNAME_FIELD}</arg>
<arg>${USERNAME}</arg>
<kw name="Wait Until Element Is Visible" library="SeleniumLibrary">
<arg>${locator}</arg>
<arg>timeout=10s</arg>
<doc>Waits until the element ``locator`` is visible.</doc>
<status status="PASS" starttime="20250421 12:15:47.956" endtime="20250421 12:15:48.056"/>
</kw>
<kw name="Input Text" library="SeleniumLibrary">
<arg>${locator}</arg>
<arg>${text}</arg>
<doc>Types the given ``text`` into the text field identified by ``locator``.</doc>
<msg timestamp="20250421 12:15:48.057" level="INFO">Typing text 'testuser' into text field 'xpath=//input[@id="username"]'.</msg>
<status status="PASS" starttime="20250421 12:15:48.056" endtime="20250421 12:15:48.306"/>
</kw>
<status status="PASS" starttime="20250421 12:15:47.955" endtime="20250421 12:15:48.307"/>
</kw>
<kw name="Enter Text" library="ui_keywords">
<arg>${PASSWORD_FIELD}</arg>
<arg>${PASSWORD}</arg>
<kw name="Wait Until Element Is Visible" library="SeleniumLibrary">
<arg>${locator}</arg>
<arg>timeout=10s</arg>
<doc>Waits until the element ``locator`` is visible.</doc>
<status status="PASS" starttime="20250421 12:15:48.309" endtime="20250421 12:15:48.347"/>
</kw>
<kw name="Input Text" library="SeleniumLibrary">
<arg>${locator}</arg>
<arg>${text}</arg>
<doc>Types the given ``text`` into the text field identified by ``locator``.</doc>
<msg timestamp="20250421 12:15:48.349" level="INFO">Typing text 'testpass' into text field 'xpath=//input[@id='password']'.</msg>
<status status="PASS" starttime="20250421 12:15:48.348" endtime="20250421 12:15:48.550"/>
</kw>
<status status="PASS" starttime="20250421 12:15:48.308" endtime="20250421 12:15:48.551"/>
</kw>
<status status="PASS" starttime="20250421 12:15:47.954" endtime="20250421 12:15:48.551"/>
</kw>
<kw name="Then user click on Login button" library="LoginPage">
<kw name="Click On Element" library="ui_keywords">
<arg>${LOGIN_BUTTON}</arg>
<kw name="Wait Until Element Is Visible" library="SeleniumLibrary">
<arg>${locator}</arg>
<arg>timeout=10s</arg>
<doc>Waits until the element ``locator`` is visible.</doc>
<status status="PASS" starttime="20250421 12:15:48.555" endtime="20250421 12:15:48.736"/>
</kw>
<kw name="Click Element" library="SeleniumLibrary">
<arg>${locator}</arg>
<doc>Click the element identified by ``locator``.</doc>
<msg timestamp="20250421 12:15:48.739" level="INFO">Clicking element 'xpath=//button/span[text()="Log in"]'.</msg>
<status status="PASS" starttime="20250421 12:15:48.737" endtime="20250421 12:15:50.139"/>
</kw>
<status status="PASS" starttime="20250421 12:15:48.553" endtime="20250421 12:15:50.139"/>
</kw>
<kw name="Close Application" library="ui_keywords">
<kw name="Close Browser" library="SeleniumLibrary">
<doc>Closes the current browser.</doc>
<status status="PASS" starttime="20250421 12:15:50.141" endtime="20250421 12:15:52.897"/>
</kw>
<status status="PASS" starttime="20250421 12:15:50.140" endtime="20250421 12:15:52.898"/>
</kw>
<status status="PASS" starttime="20250421 12:15:48.552" endtime="20250421 12:15:52.898"/>
</kw>
<kw name="TestReport" library="ui_keywords" type="TEARDOWN">
<kw name="Get Variable Value" library="BuiltIn">
<var>${suite_name}</var>
<arg>${SUITE NAME}</arg>
<doc>Returns variable value or ``default`` if the variable does not exist.</doc>
<msg timestamp="20250421 12:15:52.902" level="INFO">${suite_name} = Ui Tests</msg>
<status status="PASS" starttime="20250421 12:15:52.900" endtime="20250421 12:15:52.902"/>
</kw>
<kw name="Get Variable Value" library="BuiltIn">
<var>${test_name}</var>
<arg>${TEST NAME}</arg>
<doc>Returns variable value or ``default`` if the variable does not exist.</doc>
<msg timestamp="20250421 12:15:52.904" level="INFO">${test_name} = Verify Login functionality with BDD format</msg>
<status status="PASS" starttime="20250421 12:15:52.903" endtime="20250421 12:15:52.904"/>
</kw>
<kw name="Get Variable Value" library="BuiltIn">
<var>${test_status}</var>
<arg>${TEST STATUS}</arg>
<doc>Returns variable value or ``default`` if the variable does not exist.</doc>
<msg timestamp="20250421 12:15:52.905" level="INFO">${test_status} = PASS</msg>
<status status="PASS" starttime="20250421 12:15:52.904" endtime="20250421 12:15:52.905"/>
</kw>
<kw name="Run Keyword If" library="BuiltIn">
<var>${error_message}</var>
<arg>'${test_status}' == 'PASS'</arg>
<arg>Set Variable</arg>
<arg>None</arg>
<doc>Runs the given keyword with the given arguments, if ``condition`` is true.</doc>
<kw name="Set Variable" library="BuiltIn">
<arg>None</arg>
<doc>Returns the given values which can then be assigned to a variables.</doc>
<status status="PASS" starttime="20250421 12:15:52.908" endtime="20250421 12:15:52.915"/>
</kw>
<msg timestamp="20250421 12:15:52.915" level="INFO">${error_message} = None</msg>
<status status="PASS" starttime="20250421 12:15:52.906" endtime="20250421 12:15:52.916"/>
</kw>
<kw name="Run Keyword If" library="BuiltIn">
<var>${error_message}</var>
<arg>'${test_status}' == 'FAIL'</arg>
<arg>Get Variable Value</arg>
<arg>${TEST_MESSAGE}</arg>
<doc>Runs the given keyword with the given arguments, if ``condition`` is true.</doc>
<msg timestamp="20250421 12:15:52.919" level="INFO">${error_message} = None</msg>
<status status="PASS" starttime="20250421 12:15:52.917" endtime="20250421 12:15:52.919"/>
</kw>
<status status="PASS" starttime="20250421 12:15:52.899" endtime="20250421 12:15:52.920"/>
</kw>
<status status="PASS" starttime="20250421 12:15:44.009" endtime="20250421 12:15:52.921"/>
</test>
<status status="PASS" starttime="20250421 12:15:42.840" endtime="20250421 12:15:52.925"/>
</suite>
<statistics>
<total>
<stat pass="1" fail="0" skip="0">All Tests</stat>
</total>
<tag>
</tag>
<suite>
<stat pass="1" fail="0" skip="0" id="s1" name="Ui Tests">Ui Tests</stat>
</suite>
</statistics>
<errors>
<msg timestamp="20250421 12:15:42.899" level="ERROR">Error in file 'C:\Users\ROBOT-FRAMEWORK-DEMO\Python-Robot-Framework-Demo\configs\ResourceFile.robot' on line 3: Importing library 'C:\Users\ROBOT-FRAMEWORK-DEMO\Python-Robot-Framework-Demo\CustomLibraries\ReadFromExcel.py' failed: ModuleNotFoundError: No module named 'openpyxl'
Traceback (most recent call last):
  File "C:\Users\ROBOT-FRAMEWORK-DEMO\Python-Robot-Framework-Demo\CustomLibraries\ReadFromExcel.py", line 1, in &lt;module&gt;
    import openpyxl
PYTHONPATH:
  C:\Users\ROBOT-FRAMEWORK-DEMO\Python-Robot-Framework-Demo\CustomLibraries
  C:\Users\user\AppData\Roaming\JetBrains\PyCharmCE2024.3\plugins\robotframework-intellij\lib\robotframework_debug_adapter
  C:\Users\ROBOT-FRAMEWORK-DEMO\Python-Robot-Framework-Demo
  C:\Users\user\AppData\Roaming\JetBrains\PyCharmCE2024.3\plugins\robotframework-intellij\lib
  C:\Users\user\AppData\Roaming\JetBrains\PyCharmCE2024.3\plugins\robotframework-intellij\lib\robotframework_ls\vendored
  C:\Users\user\AppData\Local\Programs\Python\Python311\python311.zip
  C:\Users\user\AppData\Local\Programs\Python\Python311\Lib
  C:\Users\user\AppData\Local\Programs\Python\Python311\DLLs
  C:\Users\user\AppData\Local\Programs\Python\Python311
  C:\Users\user\AppData\Local\Programs\Python\Python311\Lib\site-packages</msg>
<msg timestamp="20250421 12:15:42.911" level="ERROR">Error in file 'C:\Users\ROBOT-FRAMEWORK-DEMO\Python-Robot-Framework-Demo\configs\ResourceFile.robot' on line 4: Resource file '..\resources\variables.robot' does not exist.</msg>
<msg timestamp="20250421 12:15:42.923" level="ERROR">Error in file 'C:\Users\ROBOT-FRAMEWORK-DEMO\Python-Robot-Framework-Demo\configs\ResourceFile.robot' on line 7: Resource file '..\resources\variables.robot' does not exist.</msg>
<msg timestamp="20250421 12:15:43.395" level="ERROR">Error in file 'C:\Users\ROBOT-FRAMEWORK-DEMO\Python-Robot-Framework-Demo\configs\ResourceFile.robot' on line 9: Error in file 'C:\Users\ROBOT-FRAMEWORK-DEMO\Python-Robot-Framework-Demo\Object-repository\page-objects\HomePage.robot' on line 1: Resource file with 'Test Cases' section is invalid.</msg>
<msg timestamp="20250421 12:15:43.973" level="ERROR">Error in file 'C:\Users\ROBOT-FRAMEWORK-DEMO\Python-Robot-Framework-Demo\configs\ResourceFile.robot' on line 13: Error in file 'C:\Users\ROBOT-FRAMEWORK-DEMO\Python-Robot-Framework-Demo\Object-repository\locators\HomePageLocators.robot' on line 1: Resource file with 'Test Cases' section is invalid.</msg>
<msg timestamp="20250421 12:15:43.982" level="ERROR">Error in file 'C:\Users\ROBOT-FRAMEWORK-DEMO\Python-Robot-Framework-Demo\configs\ResourceFile.robot' on line 15: Importing library 'C:\Users\ROBOT-FRAMEWORK-DEMO\Python-Robot-Framework-Demo\CustomLibraries\ReadFromExcel.py' failed: ModuleNotFoundError: No module named 'openpyxl'
Traceback (most recent call last):
  File "C:\Users\ROBOT-FRAMEWORK-DEMO\Python-Robot-Framework-Demo\CustomLibraries\ReadFromExcel.py", line 1, in &lt;module&gt;
    import openpyxl
PYTHONPATH:
  C:\Users\ROBOT-FRAMEWORK-DEMO\Python-Robot-Framework-Demo\CustomLibraries
  C:\Users\user\AppData\Roaming\JetBrains\PyCharmCE2024.3\plugins\robotframework-intellij\lib\robotframework_debug_adapter
  C:\Users\ROBOT-FRAMEWORK-DEMO\Python-Robot-Framework-Demo
  C:\Users\user\AppData\Roaming\JetBrains\PyCharmCE2024.3\plugins\robotframework-intellij\lib
  C:\Users\user\AppData\Roaming\JetBrains\PyCharmCE2024.3\plugins\robotframework-intellij\lib\robotframework_ls\vendored
  C:\Users\user\AppData\Local\Programs\Python\Python311\python311.zip
  C:\Users\user\AppData\Local\Programs\Python\Python311\Lib
  C:\Users\user\AppData\Local\Programs\Python\Python311\DLLs
  C:\Users\user\AppData\Local\Programs\Python\Python311
  C:\Users\user\AppData\Local\Programs\Python\Python311\Lib\site-packages</msg>
</errors>
</robot>
